app/build/intermediates/manifest_merge_blame_file/debug/manifest-merger-blame-debug-report.txt
1<?xml version="1.0" encoding="utf-8"?>
2<manifest xmlns:android="http://schemas.android.com/apk/res/android"
3    package="com.chandan_giri017.chaps"
4    android:versionCode="1"
5    android:versionName="1.0" >
6
7    <uses-sdk
8        android:minSdkVersion="23"
8-->src\main\AndroidManifest.xml
9        android:targetSdkVersion="31" />
9-->src\main\AndroidManifest.xml
10
11    <uses-permission android:name="android.permission.WRITE_CONTACTS" />
11-->src\main\AndroidManifest.xml:5:5-73
11-->src\main\AndroidManifest.xml:5:22-70
12    <uses-permission android:name="android.permission.READ_CONTACTS" />
12-->src\main\AndroidManifest.xml:6:5-72
12-->src\main\AndroidManifest.xml:6:22-69
13    <uses-permission android:name="android.permission.INTERNET" />
13-->src\main\AndroidManifest.xml:7:5-67
13-->src\main\AndroidManifest.xml:7:22-64
14    <uses-permission android:name="android.permission.ACCESS_NETWORK_STATE" />
14-->[com.google.firebase:firebase-auth:21.0.1] AndroidManifest.xml:24:5-79
14-->[com.google.firebase:firebase-auth:21.0.1] AndroidManifest.xml:24:22-76
15    <uses-permission android:name="android.permission.WAKE_LOCK" /> <!-- Required by older versions of Google Play services to create IID tokens -->
15-->[com.google.firebase:firebase-messaging:23.0.0] AndroidManifest.xml:23:5-68
15-->[com.google.firebase:firebase-messaging:23.0.0] AndroidManifest.xml:23:22-65
16    <uses-permission android:name="com.google.android.c2dm.permission.RECEIVE" />
16-->[com.google.firebase:firebase-messaging:23.0.0] AndroidManifest.xml:25:5-82
16-->[com.google.firebase:firebase-messaging:23.0.0] AndroidManifest.xml:25:22-79
17    <uses-permission android:name="com.google.android.finsky.permission.BIND_GET_INSTALL_REFERRER_SERVICE" />
17-->[com.google.android.gms:play-services-measurement:20.0.0] AndroidManifest.xml:26:5-110
17-->[com.google.android.gms:play-services-measurement:20.0.0] AndroidManifest.xml:26:22-107
18
19    <application
19-->src\main\AndroidManifest.xml:9:5-75:19
20        android:allowBackup="true"
20-->src\main\AndroidManifest.xml:10:9-35
21        android:appComponentFactory="androidx.core.app.CoreComponentFactory"
21-->[androidx.core:core:1.7.0] AndroidManifest.xml:24:18-86
22        android:debuggable="true"
23        android:extractNativeLibs="false"
24        android:icon="@mipmap/ic_launcher"
24-->src\main\AndroidManifest.xml:11:9-43
25        android:label="@string/app_name"
25-->src\main\AndroidManifest.xml:12:9-41
26        android:roundIcon="@mipmap/ic_launcher_round"
26-->src\main\AndroidManifest.xml:13:9-54
27        android:supportsRtl="true"
27-->src\main\AndroidManifest.xml:14:9-35
28        android:testOnly="true"
29        android:theme="@style/Theme.Chaps" >
29-->src\main\AndroidManifest.xml:15:9-43
30        <activity
30-->src\main\AndroidManifest.xml:16:9-19:40
31            android:name="com.chandan_giri017.chaps.Activities.ChatActivity"
31-->src\main\AndroidManifest.xml:17:13-52
32            android:exported="false"
32-->src\main\AndroidManifest.xml:19:13-37
33            android:theme="@style/Theme.Chaps.NoActionBar" />
33-->src\main\AndroidManifest.xml:18:13-59
34        <activity
34-->src\main\AndroidManifest.xml:20:9-23:52
35            android:name="com.chandan_giri017.chaps.Activities.AccountActivity"
35-->src\main\AndroidManifest.xml:21:13-55
36            android:exported="false"
36-->src\main\AndroidManifest.xml:22:13-37
37            android:screenOrientation="portrait" />
37-->src\main\AndroidManifest.xml:23:13-49
38        <activity
38-->src\main\AndroidManifest.xml:24:9-27:52
39            android:name="com.chandan_giri017.chaps.Activities.CallsActivity"
39-->src\main\AndroidManifest.xml:25:13-53
40            android:exported="false"
40-->src\main\AndroidManifest.xml:26:13-37
41            android:screenOrientation="portrait" />
41-->src\main\AndroidManifest.xml:27:13-49
42        <activity
42-->src\main\AndroidManifest.xml:28:9-31:52
43            android:name="com.chandan_giri017.chaps.Activities.StatusActivity"
43-->src\main\AndroidManifest.xml:29:13-54
44            android:exported="false"
44-->src\main\AndroidManifest.xml:30:13-37
45            android:screenOrientation="portrait" />
45-->src\main\AndroidManifest.xml:31:13-49
46        <activity
46-->src\main\AndroidManifest.xml:32:9-36:52
47            android:name="com.chandan_giri017.chaps.Activities.HomeActivity"
47-->src\main\AndroidManifest.xml:33:13-52
48            android:exported="false"
48-->src\main\AndroidManifest.xml:35:13-37
49            android:screenOrientation="portrait"
49-->src\main\AndroidManifest.xml:36:13-49
50            android:theme="@style/Theme.Chaps.NoActionBar" />
50-->src\main\AndroidManifest.xml:34:13-59
51        <activity
51-->src\main\AndroidManifest.xml:37:9-40:52
52            android:name="com.chandan_giri017.chaps.Activities.ContactListActivity"
52-->src\main\AndroidManifest.xml:38:13-59
53            android:exported="false"
53-->src\main\AndroidManifest.xml:39:13-37
54            android:screenOrientation="portrait" />
54-->src\main\AndroidManifest.xml:40:13-49
55        <activity
55-->src\main\AndroidManifest.xml:41:9-44:52
56            android:name="com.chandan_giri017.chaps.Activities.ProfileSetupActivity"
56-->src\main\AndroidManifest.xml:42:13-60
57            android:exported="false"
57-->src\main\AndroidManifest.xml:43:13-37
58            android:screenOrientation="portrait" />
58-->src\main\AndroidManifest.xml:44:13-49
59        <activity
59-->src\main\AndroidManifest.xml:45:9-48:52
60            android:name="com.chandan_giri017.chaps.Activities.OTPActivity"
60-->src\main\AndroidManifest.xml:46:13-51
61            android:exported="false"
61-->src\main\AndroidManifest.xml:47:13-37
62            android:screenOrientation="portrait" />
62-->src\main\AndroidManifest.xml:48:13-49
63        <activity
63-->src\main\AndroidManifest.xml:49:9-52:52
64            android:name="com.chandan_giri017.chaps.Activities.PhoneNumberActivity"
64-->src\main\AndroidManifest.xml:50:13-59
65            android:exported="false"
65-->src\main\AndroidManifest.xml:51:13-37
66            android:screenOrientation="portrait" />
66-->src\main\AndroidManifest.xml:52:13-49
67        <activity
67-->src\main\AndroidManifest.xml:53:9-62:20
68            android:name="com.chandan_giri017.chaps.Activities.MainActivity"
68-->src\main\AndroidManifest.xml:54:13-52
69            android:exported="true"
69-->src\main\AndroidManifest.xml:55:13-36
70            android:screenOrientation="portrait" >
70-->src\main\AndroidManifest.xml:56:13-49
71            <intent-filter>
71-->src\main\AndroidManifest.xml:57:13-61:29
72                <action android:name="android.intent.action.MAIN" />
72-->src\main\AndroidManifest.xml:58:17-69
72-->src\main\AndroidManifest.xml:58:25-66
73
74                <category android:name="android.intent.category.LAUNCHER" />
74-->src\main\AndroidManifest.xml:60:17-77
74-->src\main\AndroidManifest.xml:60:27-74
75            </intent-filter>
76        </activity>
77
78        <!--
79     Set custom default icon. This is used when no icon is set for incoming notification messages.
80     See README(https://goo.gl/l4GJaQ) for more.
81        -->
82        <meta-data
82-->src\main\AndroidManifest.xml:67:9-69:52
83            android:name="com.google.firebase.messaging.default_notification_icon"
83-->src\main\AndroidManifest.xml:68:13-83
84            android:resource="@drawable/ic_send" />
84-->src\main\AndroidManifest.xml:69:13-49
85        <!--
86             Set color used with incoming notification messages. This is used when no color is set for the incoming
87             notification message. See README(https://goo.gl/6BKBk7) for more.
88        -->
89        <meta-data
89-->src\main\AndroidManifest.xml:72:9-74:50
90            android:name="com.google.firebase.messaging.default_notification_color"
90-->src\main\AndroidManifest.xml:73:13-84
91            android:resource="@color/teal_700" />
91-->src\main\AndroidManifest.xml:74:13-47
92
93        <service
93-->[com.google.firebase:firebase-storage-ktx:20.0.0] AndroidManifest.xml:12:9-18:19
94            android:name="com.google.firebase.components.ComponentDiscoveryService"
94-->[com.google.firebase:firebase-storage-ktx:20.0.0] AndroidManifest.xml:13:13-84
95            android:directBootAware="true"
95-->[com.google.firebase:firebase-common:20.0.0] AndroidManifest.xml:35:13-43
96            android:exported="false" >
96-->[com.google.firebase:firebase-storage-ktx:20.0.0] AndroidManifest.xml:14:13-37
97            <meta-data
97-->[com.google.firebase:firebase-storage-ktx:20.0.0] AndroidManifest.xml:15:13-17:85
98                android:name="com.google.firebase.components:com.google.firebase.storage.ktx.FirebaseStorageKtxRegistrar"
98-->[com.google.firebase:firebase-storage-ktx:20.0.0] AndroidManifest.xml:16:17-122
99                android:value="com.google.firebase.components.ComponentRegistrar" />
99-->[com.google.firebase:firebase-storage-ktx:20.0.0] AndroidManifest.xml:17:17-82
100            <meta-data
100-->[com.google.firebase:firebase-auth-ktx:21.0.1] AndroidManifest.xml:11:13-13:85
101                android:name="com.google.firebase.components:com.google.firebase.auth.ktx.FirebaseAuthKtxRegistrar"
101-->[com.google.firebase:firebase-auth-ktx:21.0.1] AndroidManifest.xml:12:17-116
102                android:value="com.google.firebase.components.ComponentRegistrar" />
102-->[com.google.firebase:firebase-auth-ktx:21.0.1] AndroidManifest.xml:13:17-82
103            <meta-data
103-->[com.google.firebase:firebase-database-ktx:20.0.2] AndroidManifest.xml:15:13-17:85
104                android:name="com.google.firebase.components:com.google.firebase.database.ktx.FirebaseDatabaseKtxRegistrar"
104-->[com.google.firebase:firebase-database-ktx:20.0.2] AndroidManifest.xml:16:17-124
105                android:value="com.google.firebase.components.ComponentRegistrar" />
105-->[com.google.firebase:firebase-database-ktx:20.0.2] AndroidManifest.xml:17:17-82
106            <meta-data
106-->[com.google.firebase:firebase-analytics-ktx:20.0.0] AndroidManifest.xml:11:13-13:85
107                android:name="com.google.firebase.components:com.google.firebase.analytics.ktx.FirebaseAnalyticsKtxRegistrar"
107-->[com.google.firebase:firebase-analytics-ktx:20.0.0] AndroidManifest.xml:12:17-126
108                android:value="com.google.firebase.components.ComponentRegistrar" />
108-->[com.google.firebase:firebase-analytics-ktx:20.0.0] AndroidManifest.xml:13:17-82
109            <meta-data
109-->[com.google.firebase:firebase-auth:21.0.1] AndroidManifest.xml:77:13-79:85
110                android:name="com.google.firebase.components:com.google.firebase.auth.FirebaseAuthRegistrar"
110-->[com.google.firebase:firebase-auth:21.0.1] AndroidManifest.xml:78:17-109
111                android:value="com.google.firebase.components.ComponentRegistrar" />
111-->[com.google.firebase:firebase-auth:21.0.1] AndroidManifest.xml:79:17-82
112            <meta-data
112-->[com.google.firebase:firebase-database:20.0.2] AndroidManifest.xml:32:13-34:85
113                android:name="com.google.firebase.components:com.google.firebase.database.DatabaseRegistrar"
113-->[com.google.firebase:firebase-database:20.0.2] AndroidManifest.xml:33:17-109
114                android:value="com.google.firebase.components.ComponentRegistrar" />
114-->[com.google.firebase:firebase-database:20.0.2] AndroidManifest.xml:34:17-82
115            <meta-data
115-->[com.google.firebase:firebase-messaging-ktx:23.0.0] AndroidManifest.xml:29:13-31:85
116                android:name="com.google.firebase.components:com.google.firebase.messaging.ktx.FirebaseMessagingKtxRegistrar"
116-->[com.google.firebase:firebase-messaging-ktx:23.0.0] AndroidManifest.xml:30:17-126
117                android:value="com.google.firebase.components.ComponentRegistrar" />
117-->[com.google.firebase:firebase-messaging-ktx:23.0.0] AndroidManifest.xml:31:17-82
118            <meta-data
118-->[com.google.firebase:firebase-messaging:23.0.0] AndroidManifest.xml:52:13-54:85
119                android:name="com.google.firebase.components:com.google.firebase.messaging.FirebaseMessagingRegistrar"
119-->[com.google.firebase:firebase-messaging:23.0.0] AndroidManifest.xml:53:17-119
120                android:value="com.google.firebase.components.ComponentRegistrar" />
120-->[com.google.firebase:firebase-messaging:23.0.0] AndroidManifest.xml:54:17-82
121            <meta-data
121-->[com.google.firebase:firebase-datatransport:18.0.0] AndroidManifest.xml:28:13-30:85
122                android:name="com.google.firebase.components:com.google.firebase.datatransport.TransportRegistrar"
122-->[com.google.firebase:firebase-datatransport:18.0.0] AndroidManifest.xml:29:17-115
123                android:value="com.google.firebase.components.ComponentRegistrar" />
123-->[com.google.firebase:firebase-datatransport:18.0.0] AndroidManifest.xml:30:17-82
124            <meta-data
124-->[com.google.firebase:firebase-common-ktx:20.0.0] AndroidManifest.xml:15:13-17:85
125                android:name="com.google.firebase.components:com.google.firebase.ktx.FirebaseCommonKtxRegistrar"
125-->[com.google.firebase:firebase-common-ktx:20.0.0] AndroidManifest.xml:16:17-113
126                android:value="com.google.firebase.components.ComponentRegistrar" />
126-->[com.google.firebase:firebase-common-ktx:20.0.0] AndroidManifest.xml:17:17-82
127            <meta-data
127-->[com.google.firebase:firebase-storage:20.0.0] AndroidManifest.xml:33:13-35:85
128                android:name="com.google.firebase.components:com.google.firebase.storage.StorageRegistrar"
128-->[com.google.firebase:firebase-storage:20.0.0] AndroidManifest.xml:34:17-107
129                android:value="com.google.firebase.components.ComponentRegistrar" />
129-->[com.google.firebase:firebase-storage:20.0.0] AndroidManifest.xml:35:17-82
130            <meta-data
130-->[com.google.android.gms:play-services-measurement-api:20.0.0] AndroidManifest.xml:30:13-32:85
131                android:name="com.google.firebase.components:com.google.firebase.analytics.connector.internal.AnalyticsConnectorRegistrar"
131-->[com.google.android.gms:play-services-measurement-api:20.0.0] AndroidManifest.xml:31:17-139
132                android:value="com.google.firebase.components.ComponentRegistrar" />
132-->[com.google.android.gms:play-services-measurement-api:20.0.0] AndroidManifest.xml:32:17-82
133            <meta-data
133-->[com.google.firebase:firebase-installations:17.0.0] AndroidManifest.xml:18:13-20:85
134                android:name="com.google.firebase.components:com.google.firebase.installations.FirebaseInstallationsRegistrar"
134-->[com.google.firebase:firebase-installations:17.0.0] AndroidManifest.xml:19:17-127
135                android:value="com.google.firebase.components.ComponentRegistrar" />
135-->[com.google.firebase:firebase-installations:17.0.0] AndroidManifest.xml:20:17-82
136        </service>
137
138        <activity
138-->[com.google.firebase:firebase-auth:21.0.1] AndroidManifest.xml:27:9-44:20
139            android:name="com.google.firebase.auth.internal.GenericIdpActivity"
139-->[com.google.firebase:firebase-auth:21.0.1] AndroidManifest.xml:28:13-80
140            android:excludeFromRecents="true"
140-->[com.google.firebase:firebase-auth:21.0.1] AndroidManifest.xml:29:13-46
141            android:exported="true"
141-->[com.google.firebase:firebase-auth:21.0.1] AndroidManifest.xml:30:13-36
142            android:launchMode="singleTask"
142-->[com.google.firebase:firebase-auth:21.0.1] AndroidManifest.xml:31:13-44
143            android:theme="@android:style/Theme.Translucent.NoTitleBar" >
143-->[com.google.firebase:firebase-auth:21.0.1] AndroidManifest.xml:32:13-72
144            <intent-filter>
144-->[com.google.firebase:firebase-auth:21.0.1] AndroidManifest.xml:33:13-43:29
145                <action android:name="android.intent.action.VIEW" />
145-->[com.google.firebase:firebase-auth:21.0.1] AndroidManifest.xml:34:17-69
145-->[com.google.firebase:firebase-auth:21.0.1] AndroidManifest.xml:34:25-66
146
147                <category android:name="android.intent.category.DEFAULT" />
147-->[com.google.firebase:firebase-auth:21.0.1] AndroidManifest.xml:36:17-76
147-->[com.google.firebase:firebase-auth:21.0.1] AndroidManifest.xml:36:27-73
148                <category android:name="android.intent.category.BROWSABLE" />
148-->[com.google.firebase:firebase-auth:21.0.1] AndroidManifest.xml:37:17-78
148-->[com.google.firebase:firebase-auth:21.0.1] AndroidManifest.xml:37:27-75
149
150                <data
150-->[com.google.firebase:firebase-auth:21.0.1] AndroidManifest.xml:39:17-42:51
151                    android:host="firebase.auth"
151-->[com.google.firebase:firebase-auth:21.0.1] AndroidManifest.xml:40:21-49
152                    android:path="/"
152-->[com.google.firebase:firebase-auth:21.0.1] AndroidManifest.xml:41:21-37
153                    android:scheme="genericidp" />
153-->[com.google.firebase:firebase-auth:21.0.1] AndroidManifest.xml:42:21-48
154            </intent-filter>
155        </activity>
156        <activity
156-->[com.google.firebase:firebase-auth:21.0.1] AndroidManifest.xml:45:9-62:20
157            android:name="com.google.firebase.auth.internal.RecaptchaActivity"
157-->[com.google.firebase:firebase-auth:21.0.1] AndroidManifest.xml:46:13-79
158            android:excludeFromRecents="true"
158-->[com.google.firebase:firebase-auth:21.0.1] AndroidManifest.xml:47:13-46
159            android:exported="true"
159-->[com.google.firebase:firebase-auth:21.0.1] AndroidManifest.xml:48:13-36
160            android:launchMode="singleTask"
160-->[com.google.firebase:firebase-auth:21.0.1] AndroidManifest.xml:49:13-44
161            android:theme="@android:style/Theme.Translucent.NoTitleBar" >
161-->[com.google.firebase:firebase-auth:21.0.1] AndroidManifest.xml:50:13-72
162            <intent-filter>
162-->[com.google.firebase:firebase-auth:21.0.1] AndroidManifest.xml:51:13-61:29
163                <action android:name="android.intent.action.VIEW" />
163-->[com.google.firebase:firebase-auth:21.0.1] AndroidManifest.xml:34:17-69
163-->[com.google.firebase:firebase-auth:21.0.1] AndroidManifest.xml:34:25-66
164
165                <category android:name="android.intent.category.DEFAULT" />
165-->[com.google.firebase:firebase-auth:21.0.1] AndroidManifest.xml:36:17-76
165-->[com.google.firebase:firebase-auth:21.0.1] AndroidManifest.xml:36:27-73
166                <category android:name="android.intent.category.BROWSABLE" />
166-->[com.google.firebase:firebase-auth:21.0.1] AndroidManifest.xml:37:17-78
166-->[com.google.firebase:firebase-auth:21.0.1] AndroidManifest.xml:37:27-75
167
168                <data
168-->[com.google.firebase:firebase-auth:21.0.1] AndroidManifest.xml:39:17-42:51
169                    android:host="firebase.auth"
169-->[com.google.firebase:firebase-auth:21.0.1] AndroidManifest.xml:40:21-49
170                    android:path="/"
170-->[com.google.firebase:firebase-auth:21.0.1] AndroidManifest.xml:41:21-37
171                    android:scheme="recaptcha" />
171-->[com.google.firebase:firebase-auth:21.0.1] AndroidManifest.xml:42:21-48
172            </intent-filter>
173        </activity>
174
175        <service
175-->[com.google.firebase:firebase-auth:21.0.1] AndroidManifest.xml:64:9-73:19
176            android:name="com.google.firebase.auth.api.fallback.service.FirebaseAuthFallbackService"
176-->[com.google.firebase:firebase-auth:21.0.1] AndroidManifest.xml:65:13-101
177            android:enabled="true"
177-->[com.google.firebase:firebase-auth:21.0.1] AndroidManifest.xml:66:13-35
178            android:exported="false" >
178-->[com.google.firebase:firebase-auth:21.0.1] AndroidManifest.xml:67:13-37
179            <intent-filter>
179-->[com.google.firebase:firebase-auth:21.0.1] AndroidManifest.xml:68:13-72:29
180                <action android:name="com.google.firebase.auth.api.gms.service.START" />
180-->[com.google.firebase:firebase-auth:21.0.1] AndroidManifest.xml:69:17-89
180-->[com.google.firebase:firebase-auth:21.0.1] AndroidManifest.xml:69:25-86
181
182                <category android:name="android.intent.category.DEFAULT" />
182-->[com.google.firebase:firebase-auth:21.0.1] AndroidManifest.xml:36:17-76
182-->[com.google.firebase:firebase-auth:21.0.1] AndroidManifest.xml:36:27-73
183            </intent-filter>
184        </service>
185
186        <receiver
186-->[com.google.firebase:firebase-messaging:23.0.0] AndroidManifest.xml:28:9-35:20
187            android:name="com.google.firebase.iid.FirebaseInstanceIdReceiver"
187-->[com.google.firebase:firebase-messaging:23.0.0] AndroidManifest.xml:29:13-78
188            android:exported="true"
188-->[com.google.firebase:firebase-messaging:23.0.0] AndroidManifest.xml:30:13-36
189            android:permission="com.google.android.c2dm.permission.SEND" >
189-->[com.google.firebase:firebase-messaging:23.0.0] AndroidManifest.xml:31:13-73
190            <intent-filter>
190-->[com.google.firebase:firebase-messaging:23.0.0] AndroidManifest.xml:32:13-34:29
191                <action android:name="com.google.android.c2dm.intent.RECEIVE" />
191-->[com.google.firebase:firebase-messaging:23.0.0] AndroidManifest.xml:33:17-81
191-->[com.google.firebase:firebase-messaging:23.0.0] AndroidManifest.xml:33:25-78
192            </intent-filter>
193        </receiver>
194        <!--
195             FirebaseMessagingService performs security checks at runtime,
196             but set to not exported to explicitly avoid allowing another app to call it.
197        -->
198        <service
198-->[com.google.firebase:firebase-messaging:23.0.0] AndroidManifest.xml:41:9-48:19
199            android:name="com.google.firebase.messaging.FirebaseMessagingService"
199-->[com.google.firebase:firebase-messaging:23.0.0] AndroidManifest.xml:42:13-82
200            android:directBootAware="true"
200-->[com.google.firebase:firebase-messaging:23.0.0] AndroidManifest.xml:43:13-43
201            android:exported="false" >
201-->[com.google.firebase:firebase-messaging:23.0.0] AndroidManifest.xml:44:13-37
202            <intent-filter android:priority="-500" >
202-->[com.google.firebase:firebase-messaging:23.0.0] AndroidManifest.xml:45:13-47:29
202-->[com.google.firebase:firebase-messaging:23.0.0] AndroidManifest.xml:45:28-51
203                <action android:name="com.google.firebase.MESSAGING_EVENT" />
203-->[com.google.firebase:firebase-messaging:23.0.0] AndroidManifest.xml:46:17-78
203-->[com.google.firebase:firebase-messaging:23.0.0] AndroidManifest.xml:46:25-75
204            </intent-filter>
205        </service>
206        <service
206-->[com.google.android.datatransport:transport-backend-cct:3.0.0] AndroidManifest.xml:29:9-35:19
207            android:name="com.google.android.datatransport.runtime.backends.TransportBackendDiscovery"
207-->[com.google.android.datatransport:transport-backend-cct:3.0.0] AndroidManifest.xml:30:13-103
208            android:exported="false" >
208-->[com.google.android.datatransport:transport-backend-cct:3.0.0] AndroidManifest.xml:31:13-37
209            <meta-data
209-->[com.google.android.datatransport:transport-backend-cct:3.0.0] AndroidManifest.xml:32:13-34:39
210                android:name="backend:com.google.android.datatransport.cct.CctBackendFactory"
210-->[com.google.android.datatransport:transport-backend-cct:3.0.0] AndroidManifest.xml:33:17-94
211                android:value="cct" />
211-->[com.google.android.datatransport:transport-backend-cct:3.0.0] AndroidManifest.xml:34:17-36
212        </service>
213
214        <provider
214-->[com.google.firebase:firebase-common:20.0.0] AndroidManifest.xml:26:9-31:39
215            android:name="com.google.firebase.provider.FirebaseInitProvider"
215-->[com.google.firebase:firebase-common:20.0.0] AndroidManifest.xml:27:13-77
216            android:authorities="com.chandan_giri017.chaps.firebaseinitprovider"
216-->[com.google.firebase:firebase-common:20.0.0] AndroidManifest.xml:28:13-72
217            android:directBootAware="true"
217-->[com.google.firebase:firebase-common:20.0.0] AndroidManifest.xml:29:13-43
218            android:exported="false"
218-->[com.google.firebase:firebase-common:20.0.0] AndroidManifest.xml:30:13-37
219            android:initOrder="100" />
219-->[com.google.firebase:firebase-common:20.0.0] AndroidManifest.xml:31:13-36
220
221        <activity
221-->[com.google.android.gms:play-services-base:17.1.0] AndroidManifest.xml:23:9-26:75
222            android:name="com.google.android.gms.common.api.GoogleApiActivity"
222-->[com.google.android.gms:play-services-base:17.1.0] AndroidManifest.xml:24:13-79
223            android:exported="false"
223-->[com.google.android.gms:play-services-base:17.1.0] AndroidManifest.xml:25:13-37
224            android:theme="@android:style/Theme.Translucent.NoTitleBar" />
224-->[com.google.android.gms:play-services-base:17.1.0] AndroidManifest.xml:26:13-72
225
226        <receiver
226-->[com.google.android.gms:play-services-measurement:20.0.0] AndroidManifest.xml:29:9-33:20
227            android:name="com.google.android.gms.measurement.AppMeasurementReceiver"
227-->[com.google.android.gms:play-services-measurement:20.0.0] AndroidManifest.xml:30:13-85
228            android:enabled="true"
228-->[com.google.android.gms:play-services-measurement:20.0.0] AndroidManifest.xml:31:13-35
229            android:exported="false" >
229-->[com.google.android.gms:play-services-measurement:20.0.0] AndroidManifest.xml:32:13-37
230        </receiver>
231
232        <service
232-->[com.google.android.gms:play-services-measurement:20.0.0] AndroidManifest.xml:35:9-38:40
233            android:name="com.google.android.gms.measurement.AppMeasurementService"
233-->[com.google.android.gms:play-services-measurement:20.0.0] AndroidManifest.xml:36:13-84
234            android:enabled="true"
234-->[com.google.android.gms:play-services-measurement:20.0.0] AndroidManifest.xml:37:13-35
235            android:exported="false" />
235-->[com.google.android.gms:play-services-measurement:20.0.0] AndroidManifest.xml:38:13-37
236        <service
236-->[com.google.android.gms:play-services-measurement:20.0.0] AndroidManifest.xml:39:9-43:72
237            android:name="com.google.android.gms.measurement.AppMeasurementJobService"
237-->[com.google.android.gms:play-services-measurement:20.0.0] AndroidManifest.xml:40:13-87
238            android:enabled="true"
238-->[com.google.android.gms:play-services-measurement:20.0.0] AndroidManifest.xml:41:13-35
239            android:exported="false"
239-->[com.google.android.gms:play-services-measurement:20.0.0] AndroidManifest.xml:42:13-37
240            android:permission="android.permission.BIND_JOB_SERVICE" />
240-->[com.google.android.gms:play-services-measurement:20.0.0] AndroidManifest.xml:43:13-69
241
242        <meta-data
242-->[com.google.android.gms:play-services-basement:17.2.1] AndroidManifest.xml:23:9-25:69
243            android:name="com.google.android.gms.version"
243-->[com.google.android.gms:play-services-basement:17.2.1] AndroidManifest.xml:24:13-58
244            android:value="@integer/google_play_services_version" />
244-->[com.google.android.gms:play-services-basement:17.2.1] AndroidManifest.xml:25:13-66
245
246        <service
246-->[com.google.android.datatransport:transport-runtime:3.0.0] AndroidManifest.xml:26:9-30:19
247            android:name="com.google.android.datatransport.runtime.scheduling.jobscheduling.JobInfoSchedulerService"
247-->[com.google.android.datatransport:transport-runtime:3.0.0] AndroidManifest.xml:27:13-117
248            android:exported="false"
248-->[com.google.android.datatransport:transport-runtime:3.0.0] AndroidManifest.xml:28:13-37
249            android:permission="android.permission.BIND_JOB_SERVICE" >
249-->[com.google.android.datatransport:transport-runtime:3.0.0] AndroidManifest.xml:29:13-69
250        </service>
251
252        <receiver
252-->[com.google.android.datatransport:transport-runtime:3.0.0] AndroidManifest.xml:32:9-34:40
253            android:name="com.google.android.datatransport.runtime.scheduling.jobscheduling.AlarmManagerSchedulerBroadcastReceiver"
253-->[com.google.android.datatransport:transport-runtime:3.0.0] AndroidManifest.xml:33:13-132
254            android:exported="false" />
254-->[com.google.android.datatransport:transport-runtime:3.0.0] AndroidManifest.xml:34:13-37
255    </application>
256
257</manifest>